# This is the CMakeCache file.
# For build in directory: /home/le/arx5-sdk/build
# It was generated by CMake: /home/le/anaconda3/envs/arx-py310/bin/cmake
# You can edit this file to change values found and used by cmake.
# If you do not want to change any of the values, simply exit the editor.
# If you do want to change a value, simply edit, save, and exit the editor.
# The syntax for the file is as follows:
# KEY:TYPE=VALUE
# KEY is the name of a variable in the cache.
# TYPE is a hint to GUIs for the type of VALUE, DO NOT EDIT TYPE!.
# VALUE is the current value for the KEY.

########################
# EXTERNAL cache entries
########################

//Generate environment files in the CMAKE_INSTALL_PREFIX
AMENT_CMAKE_ENVIRONMENT_GENERATION:BOOL=OFF

//Generate environment files in the package share folder
AMENT_CMAKE_ENVIRONMENT_PACKAGE_GENERATION:BOOL=ON

//Generate marker file containing the parent prefix path
AMENT_CMAKE_ENVIRONMENT_PARENT_PREFIX_PATH_GENERATION:BOOL=ON

//Replace the CMake install command with a custom implementation
// using symlinks instead of copying resources
AMENT_CMAKE_SYMLINK_INSTALL:BOOL=OFF

//Generate an uninstall target to revert the effects of the install
// step
AMENT_CMAKE_UNINSTALL_TARGET:BOOL=ON

//The path where test results are generated
AMENT_TEST_RESULTS_DIR:PATH=/home/le/arx5-sdk/build/test_results

//Build the testing tree.
BUILD_TESTING:BOOL=ON

Boost_CONTAINER_LIBRARY_RELEASE:STRING=/home/le/anaconda3/envs/arx-py310/lib/libboost_container.so.1.85.0

//The directory containing a CMake configuration file for Boost.
Boost_DIR:PATH=/home/le/anaconda3/envs/arx-py310/lib/cmake/Boost-1.85.0

//Path to a file.
Boost_INCLUDE_DIR:PATH=/home/le/anaconda3/envs/arx-py310/include

//Path to a program.
CMAKE_ADDR2LINE:FILEPATH=/home/le/anaconda3/envs/arx-py310/bin/x86_64-conda-linux-gnu-addr2line

//Path to a program.
CMAKE_AR:FILEPATH=/home/le/anaconda3/envs/arx-py310/bin/x86_64-conda-linux-gnu-ar

//Choose the type of build, options are: None Debug Release RelWithDebInfo
// MinSizeRel ...
CMAKE_BUILD_TYPE:STRING=

//Enable/Disable color output during build.
CMAKE_COLOR_MAKEFILE:BOOL=ON

//CXX compiler
CMAKE_CXX_COMPILER:FILEPATH=/home/le/anaconda3/envs/arx-py310/bin/x86_64-conda-linux-gnu-c++

//A wrapper around 'ar' adding the appropriate '--plugin' option
// for the GCC compiler
CMAKE_CXX_COMPILER_AR:FILEPATH=/home/le/anaconda3/envs/arx-py310/bin/x86_64-conda-linux-gnu-gcc-ar

//A wrapper around 'ranlib' adding the appropriate '--plugin' option
// for the GCC compiler
CMAKE_CXX_COMPILER_RANLIB:FILEPATH=/home/le/anaconda3/envs/arx-py310/bin/x86_64-conda-linux-gnu-gcc-ranlib

//Flags used by the CXX compiler during all build types.
CMAKE_CXX_FLAGS:STRING=-fvisibility-inlines-hidden -fmessage-length=0 -march=nocona -mtune=haswell -ftree-vectorize -fPIC -fstack-protector-strong -fno-plt -O2 -ffunction-sections -pipe -isystem /home/le/anaconda3/envs/arx-py310/include

//Flags used by the CXX compiler during DEBUG builds.
CMAKE_CXX_FLAGS_DEBUG:STRING=-g

//Flags used by the CXX compiler during MINSIZEREL builds.
CMAKE_CXX_FLAGS_MINSIZEREL:STRING=-Os -DNDEBUG

//Flags used by the CXX compiler during RELEASE builds.
CMAKE_CXX_FLAGS_RELEASE:STRING=-O3 -DNDEBUG

//Flags used by the CXX compiler during RELWITHDEBINFO builds.
CMAKE_CXX_FLAGS_RELWITHDEBINFO:STRING=-O2 -g -DNDEBUG

//C compiler
CMAKE_C_COMPILER:FILEPATH=/home/le/anaconda3/envs/arx-py310/bin/x86_64-conda-linux-gnu-cc

//A wrapper around 'ar' adding the appropriate '--plugin' option
// for the GCC compiler
CMAKE_C_COMPILER_AR:FILEPATH=/home/le/anaconda3/envs/arx-py310/bin/x86_64-conda-linux-gnu-gcc-ar

//A wrapper around 'ranlib' adding the appropriate '--plugin' option
// for the GCC compiler
CMAKE_C_COMPILER_RANLIB:FILEPATH=/home/le/anaconda3/envs/arx-py310/bin/x86_64-conda-linux-gnu-gcc-ranlib

//Flags used by the C compiler during all build types.
CMAKE_C_FLAGS:STRING=-march=nocona -mtune=haswell -ftree-vectorize -fPIC -fstack-protector-strong -fno-plt -O2 -ffunction-sections -pipe -isystem /home/le/anaconda3/envs/arx-py310/include

//Flags used by the C compiler during DEBUG builds.
CMAKE_C_FLAGS_DEBUG:STRING=-g

//Flags used by the C compiler during MINSIZEREL builds.
CMAKE_C_FLAGS_MINSIZEREL:STRING=-Os -DNDEBUG

//Flags used by the C compiler during RELEASE builds.
CMAKE_C_FLAGS_RELEASE:STRING=-O3 -DNDEBUG

//Flags used by the C compiler during RELWITHDEBINFO builds.
CMAKE_C_FLAGS_RELWITHDEBINFO:STRING=-O2 -g -DNDEBUG

//Path to a program.
CMAKE_DLLTOOL:FILEPATH=CMAKE_DLLTOOL-NOTFOUND

//Flags used by the linker during all build types.
CMAKE_EXE_LINKER_FLAGS:STRING=-Wl,-O2 -Wl,--sort-common -Wl,--as-needed -Wl,-z,relro -Wl,-z,now -Wl,--disable-new-dtags -Wl,--gc-sections -Wl,--allow-shlib-undefined -Wl,-rpath,/home/le/anaconda3/envs/arx-py310/lib -Wl,-rpath-link,/home/le/anaconda3/envs/arx-py310/lib -L/home/le/anaconda3/envs/arx-py310/lib

//Flags used by the linker during DEBUG builds.
CMAKE_EXE_LINKER_FLAGS_DEBUG:STRING=

//Flags used by the linker during MINSIZEREL builds.
CMAKE_EXE_LINKER_FLAGS_MINSIZEREL:STRING=

//Flags used by the linker during RELEASE builds.
CMAKE_EXE_LINKER_FLAGS_RELEASE:STRING=

//Flags used by the linker during RELWITHDEBINFO builds.
CMAKE_EXE_LINKER_FLAGS_RELWITHDEBINFO:STRING=

//Enable/Disable output of compile commands during generation.
CMAKE_EXPORT_COMPILE_COMMANDS:BOOL=

//Value Computed by CMake.
CMAKE_FIND_PACKAGE_REDIRECTS_DIR:STATIC=/home/le/arx5-sdk/build/CMakeFiles/pkgRedirects

//Install path prefix, prepended onto install directories.
CMAKE_INSTALL_PREFIX:PATH=/usr/local

//Path to a program.
CMAKE_LINKER:FILEPATH=/home/le/anaconda3/envs/arx-py310/bin/x86_64-conda-linux-gnu-ld

//Path to a program.
CMAKE_MAKE_PROGRAM:FILEPATH=/usr/bin/gmake

//Flags used by the linker during the creation of modules during
// all build types.
CMAKE_MODULE_LINKER_FLAGS:STRING=-Wl,-O2 -Wl,--sort-common -Wl,--as-needed -Wl,-z,relro -Wl,-z,now -Wl,--disable-new-dtags -Wl,--gc-sections -Wl,--allow-shlib-undefined -Wl,-rpath,/home/le/anaconda3/envs/arx-py310/lib -Wl,-rpath-link,/home/le/anaconda3/envs/arx-py310/lib -L/home/le/anaconda3/envs/arx-py310/lib

//Flags used by the linker during the creation of modules during
// DEBUG builds.
CMAKE_MODULE_LINKER_FLAGS_DEBUG:STRING=

//Flags used by the linker during the creation of modules during
// MINSIZEREL builds.
CMAKE_MODULE_LINKER_FLAGS_MINSIZEREL:STRING=

//Flags used by the linker during the creation of modules during
// RELEASE builds.
CMAKE_MODULE_LINKER_FLAGS_RELEASE:STRING=

//Flags used by the linker during the creation of modules during
// RELWITHDEBINFO builds.
CMAKE_MODULE_LINKER_FLAGS_RELWITHDEBINFO:STRING=

//Path to a program.
CMAKE_NM:FILEPATH=/home/le/anaconda3/envs/arx-py310/bin/x86_64-conda-linux-gnu-nm

//Path to a program.
CMAKE_OBJCOPY:FILEPATH=/home/le/anaconda3/envs/arx-py310/bin/x86_64-conda-linux-gnu-objcopy

//Path to a program.
CMAKE_OBJDUMP:FILEPATH=/home/le/anaconda3/envs/arx-py310/bin/x86_64-conda-linux-gnu-objdump

//Value Computed by CMake
CMAKE_PROJECT_COMPAT_VERSION:STATIC=

//Value Computed by CMake
CMAKE_PROJECT_DESCRIPTION:STATIC=

//Value Computed by CMake
CMAKE_PROJECT_HOMEPAGE_URL:STATIC=

//Value Computed by CMake
CMAKE_PROJECT_NAME:STATIC=arx5-sdk

//Value Computed by CMake
CMAKE_PROJECT_SPDX_LICENSE:STATIC=

//Path to a program.
CMAKE_RANLIB:FILEPATH=/home/le/anaconda3/envs/arx-py310/bin/x86_64-conda-linux-gnu-ranlib

//Path to a program.
CMAKE_READELF:FILEPATH=/home/le/anaconda3/envs/arx-py310/bin/x86_64-conda-linux-gnu-readelf

//Flags used by the linker during the creation of shared libraries
// during all build types.
CMAKE_SHARED_LINKER_FLAGS:STRING=-Wl,-O2 -Wl,--sort-common -Wl,--as-needed -Wl,-z,relro -Wl,-z,now -Wl,--disable-new-dtags -Wl,--gc-sections -Wl,--allow-shlib-undefined -Wl,-rpath,/home/le/anaconda3/envs/arx-py310/lib -Wl,-rpath-link,/home/le/anaconda3/envs/arx-py310/lib -L/home/le/anaconda3/envs/arx-py310/lib

//Flags used by the linker during the creation of shared libraries
// during DEBUG builds.
CMAKE_SHARED_LINKER_FLAGS_DEBUG:STRING=

//Flags used by the linker during the creation of shared libraries
// during MINSIZEREL builds.
CMAKE_SHARED_LINKER_FLAGS_MINSIZEREL:STRING=

//Flags used by the linker during the creation of shared libraries
// during RELEASE builds.
CMAKE_SHARED_LINKER_FLAGS_RELEASE:STRING=

//Flags used by the linker during the creation of shared libraries
// during RELWITHDEBINFO builds.
CMAKE_SHARED_LINKER_FLAGS_RELWITHDEBINFO:STRING=

//If set, runtime paths are not added when installing shared libraries,
// but are added when building.
CMAKE_SKIP_INSTALL_RPATH:BOOL=NO

//If set, runtime paths are not added when using shared libraries.
CMAKE_SKIP_RPATH:BOOL=NO

//Flags used by the archiver during the creation of static libraries
// during all build types.
CMAKE_STATIC_LINKER_FLAGS:STRING=

//Flags used by the archiver during the creation of static libraries
// during DEBUG builds.
CMAKE_STATIC_LINKER_FLAGS_DEBUG:STRING=

//Flags used by the archiver during the creation of static libraries
// during MINSIZEREL builds.
CMAKE_STATIC_LINKER_FLAGS_MINSIZEREL:STRING=

//Flags used by the archiver during the creation of static libraries
// during RELEASE builds.
CMAKE_STATIC_LINKER_FLAGS_RELEASE:STRING=

//Flags used by the archiver during the creation of static libraries
// during RELWITHDEBINFO builds.
CMAKE_STATIC_LINKER_FLAGS_RELWITHDEBINFO:STRING=

//Path to a program.
CMAKE_STRIP:FILEPATH=/home/le/anaconda3/envs/arx-py310/bin/x86_64-conda-linux-gnu-strip

//Path to a program.
CMAKE_TAPI:FILEPATH=CMAKE_TAPI-NOTFOUND

//If this value is on, makefiles will be generated without the
// .SILENT directive, and all commands will be echoed to the console
// during the make.  This is useful for debugging only. With Visual
// Studio IDE projects all commands are done without /nologo.
CMAKE_VERBOSE_MAKEFILE:BOOL=FALSE

//The directory containing a CMake configuration file for Eigen3.
Eigen3_DIR:PATH=/home/le/anaconda3/envs/arx-py310/share/eigen3/cmake

//Name of the computer/site where compile is being run
SITE:STRING=le-Legion-Y7000P-IRX9

//Path to a library.
_lib:FILEPATH=/home/le/anaconda3/envs/arx-py310/x86_64-conda-linux-gnu/sysroot/usr/lib/librt.a

//The directory containing a CMake configuration file for ament_cmake.
ament_cmake_DIR:PATH=/home/le/anaconda3/envs/arx-py310/share/ament_cmake/cmake

//The directory containing a CMake configuration file for ament_cmake_core.
ament_cmake_core_DIR:PATH=/home/le/anaconda3/envs/arx-py310/share/ament_cmake_core/cmake

//The directory containing a CMake configuration file for ament_cmake_export_definitions.
ament_cmake_export_definitions_DIR:PATH=/home/le/anaconda3/envs/arx-py310/share/ament_cmake_export_definitions/cmake

//The directory containing a CMake configuration file for ament_cmake_export_dependencies.
ament_cmake_export_dependencies_DIR:PATH=/home/le/anaconda3/envs/arx-py310/share/ament_cmake_export_dependencies/cmake

//The directory containing a CMake configuration file for ament_cmake_export_include_directories.
ament_cmake_export_include_directories_DIR:PATH=/home/le/anaconda3/envs/arx-py310/share/ament_cmake_export_include_directories/cmake

//The directory containing a CMake configuration file for ament_cmake_export_interfaces.
ament_cmake_export_interfaces_DIR:PATH=/home/le/anaconda3/envs/arx-py310/share/ament_cmake_export_interfaces/cmake

//The directory containing a CMake configuration file for ament_cmake_export_libraries.
ament_cmake_export_libraries_DIR:PATH=/home/le/anaconda3/envs/arx-py310/share/ament_cmake_export_libraries/cmake

//The directory containing a CMake configuration file for ament_cmake_export_link_flags.
ament_cmake_export_link_flags_DIR:PATH=/home/le/anaconda3/envs/arx-py310/share/ament_cmake_export_link_flags/cmake

//The directory containing a CMake configuration file for ament_cmake_export_targets.
ament_cmake_export_targets_DIR:PATH=/home/le/anaconda3/envs/arx-py310/share/ament_cmake_export_targets/cmake

//The directory containing a CMake configuration file for ament_cmake_gen_version_h.
ament_cmake_gen_version_h_DIR:PATH=/home/le/anaconda3/envs/arx-py310/share/ament_cmake_gen_version_h/cmake

//The directory containing a CMake configuration file for ament_cmake_include_directories.
ament_cmake_include_directories_DIR:PATH=/home/le/anaconda3/envs/arx-py310/share/ament_cmake_include_directories/cmake

//The directory containing a CMake configuration file for ament_cmake_libraries.
ament_cmake_libraries_DIR:PATH=/home/le/anaconda3/envs/arx-py310/share/ament_cmake_libraries/cmake

//The directory containing a CMake configuration file for ament_cmake_python.
ament_cmake_python_DIR:PATH=/home/le/anaconda3/envs/arx-py310/share/ament_cmake_python/cmake

//The directory containing a CMake configuration file for ament_cmake_target_dependencies.
ament_cmake_target_dependencies_DIR:PATH=/home/le/anaconda3/envs/arx-py310/share/ament_cmake_target_dependencies/cmake

//The directory containing a CMake configuration file for ament_cmake_test.
ament_cmake_test_DIR:PATH=/home/le/anaconda3/envs/arx-py310/share/ament_cmake_test/cmake

//The directory containing a CMake configuration file for ament_cmake_version.
ament_cmake_version_DIR:PATH=/home/le/anaconda3/envs/arx-py310/share/ament_cmake_version/cmake

//Value Computed by CMake
arx5-sdk_BINARY_DIR:STATIC=/home/le/arx5-sdk/build

//Value Computed by CMake
arx5-sdk_IS_TOP_LEVEL:STATIC=ON

//Value Computed by CMake
arx5-sdk_SOURCE_DIR:STATIC=/home/le/arx5-sdk

//The directory containing a CMake configuration file for boost_container.
boost_container_DIR:PATH=/home/le/anaconda3/envs/arx-py310/lib/cmake/boost_container-1.85.0

//The directory containing a CMake configuration file for boost_headers.
boost_headers_DIR:PATH=/home/le/anaconda3/envs/arx-py310/lib/cmake/boost_headers-1.85.0

//The directory containing a CMake configuration file for eigen3_cmake_module.
eigen3_cmake_module_DIR:PATH=/home/le/anaconda3/envs/arx-py310/share/eigen3_cmake_module/cmake

//The directory containing a CMake configuration file for fmt.
fmt_DIR:PATH=/home/le/anaconda3/envs/arx-py310/lib/cmake/fmt

//The directory containing a CMake configuration file for kdl_parser.
kdl_parser_DIR:PATH=/home/le/anaconda3/envs/arx-py310/share/kdl_parser/cmake

//The directory containing a CMake configuration file for orocos_kdl.
orocos_kdl_DIR:PATH=/home/le/anaconda3/envs/arx-py310/share/orocos_kdl/cmake

//The directory containing a CMake configuration file for orocos_kdl_vendor.
orocos_kdl_vendor_DIR:PATH=/home/le/anaconda3/envs/arx-py310/share/orocos_kdl_vendor/cmake

//The directory containing a CMake configuration file for pybind11.
pybind11_DIR:PATH=/home/le/anaconda3/envs/arx-py310/share/cmake/pybind11

//The directory containing a CMake configuration file for rcutils.
rcutils_DIR:PATH=/home/le/anaconda3/envs/arx-py310/share/rcutils/cmake

//The directory containing a CMake configuration file for spdlog.
spdlog_DIR:PATH=/home/le/anaconda3/envs/arx-py310/lib/cmake/spdlog

//The directory containing a CMake configuration file for urdfdom_headers.
urdfdom_headers_DIR:PATH=/home/le/anaconda3/envs/arx-py310/lib/urdfdom_headers/cmake


########################
# INTERNAL cache entries
########################

//ADVANCED property for variable: Boost_DIR
Boost_DIR-ADVANCED:INTERNAL=1
//ADVANCED property for variable: CMAKE_ADDR2LINE
CMAKE_ADDR2LINE-ADVANCED:INTERNAL=1
//ADVANCED property for variable: CMAKE_AR
CMAKE_AR-ADVANCED:INTERNAL=1
//This is the directory where this CMakeCache.txt was created
CMAKE_CACHEFILE_DIR:INTERNAL=/home/le/arx5-sdk/build
//Major version of cmake used to create the current loaded cache
CMAKE_CACHE_MAJOR_VERSION:INTERNAL=4
//Minor version of cmake used to create the current loaded cache
CMAKE_CACHE_MINOR_VERSION:INTERNAL=2
//Patch version of cmake used to create the current loaded cache
CMAKE_CACHE_PATCH_VERSION:INTERNAL=0
//ADVANCED property for variable: CMAKE_COLOR_MAKEFILE
CMAKE_COLOR_MAKEFILE-ADVANCED:INTERNAL=1
//Path to CMake executable.
CMAKE_COMMAND:INTERNAL=/home/le/anaconda3/envs/arx-py310/bin/cmake
//Path to cpack program executable.
CMAKE_CPACK_COMMAND:INTERNAL=/home/le/anaconda3/envs/arx-py310/bin/cpack
//Path to ctest program executable.
CMAKE_CTEST_COMMAND:INTERNAL=/home/le/anaconda3/envs/arx-py310/bin/ctest
//ADVANCED property for variable: CMAKE_CXX_COMPILER
CMAKE_CXX_COMPILER-ADVANCED:INTERNAL=1
//ADVANCED property for variable: CMAKE_CXX_COMPILER_AR
CMAKE_CXX_COMPILER_AR-ADVANCED:INTERNAL=1
//ADVANCED property for variable: CMAKE_CXX_COMPILER_RANLIB
CMAKE_CXX_COMPILER_RANLIB-ADVANCED:INTERNAL=1
//ADVANCED property for variable: CMAKE_CXX_FLAGS
CMAKE_CXX_FLAGS-ADVANCED:INTERNAL=1
//ADVANCED property for variable: CMAKE_CXX_FLAGS_DEBUG
CMAKE_CXX_FLAGS_DEBUG-ADVANCED:INTERNAL=1
//ADVANCED property for variable: CMAKE_CXX_FLAGS_MINSIZEREL
CMAKE_CXX_FLAGS_MINSIZEREL-ADVANCED:INTERNAL=1
//ADVANCED property for variable: CMAKE_CXX_FLAGS_RELEASE
CMAKE_CXX_FLAGS_RELEASE-ADVANCED:INTERNAL=1
//ADVANCED property for variable: CMAKE_CXX_FLAGS_RELWITHDEBINFO
CMAKE_CXX_FLAGS_RELWITHDEBINFO-ADVANCED:INTERNAL=1
//ADVANCED property for variable: CMAKE_C_COMPILER
CMAKE_C_COMPILER-ADVANCED:INTERNAL=1
//ADVANCED property for variable: CMAKE_C_COMPILER_AR
CMAKE_C_COMPILER_AR-ADVANCED:INTERNAL=1
//ADVANCED property for variable: CMAKE_C_COMPILER_RANLIB
CMAKE_C_COMPILER_RANLIB-ADVANCED:INTERNAL=1
//ADVANCED property for variable: CMAKE_C_FLAGS
CMAKE_C_FLAGS-ADVANCED:INTERNAL=1
//ADVANCED property for variable: CMAKE_C_FLAGS_DEBUG
CMAKE_C_FLAGS_DEBUG-ADVANCED:INTERNAL=1
//ADVANCED property for variable: CMAKE_C_FLAGS_MINSIZEREL
CMAKE_C_FLAGS_MINSIZEREL-ADVANCED:INTERNAL=1
//ADVANCED property for variable: CMAKE_C_FLAGS_RELEASE
CMAKE_C_FLAGS_RELEASE-ADVANCED:INTERNAL=1
//ADVANCED property for variable: CMAKE_C_FLAGS_RELWITHDEBINFO
CMAKE_C_FLAGS_RELWITHDEBINFO-ADVANCED:INTERNAL=1
//ADVANCED property for variable: CMAKE_DLLTOOL
CMAKE_DLLTOOL-ADVANCED:INTERNAL=1
//Path to cache edit program executable.
CMAKE_EDIT_COMMAND:INTERNAL=/home/le/anaconda3/envs/arx-py310/bin/ccmake
//Executable file format
CMAKE_EXECUTABLE_FORMAT:INTERNAL=ELF
//ADVANCED property for variable: CMAKE_EXE_LINKER_FLAGS
CMAKE_EXE_LINKER_FLAGS-ADVANCED:INTERNAL=1
//ADVANCED property for variable: CMAKE_EXE_LINKER_FLAGS_DEBUG
CMAKE_EXE_LINKER_FLAGS_DEBUG-ADVANCED:INTERNAL=1
//ADVANCED property for variable: CMAKE_EXE_LINKER_FLAGS_MINSIZEREL
CMAKE_EXE_LINKER_FLAGS_MINSIZEREL-ADVANCED:INTERNAL=1
//ADVANCED property for variable: CMAKE_EXE_LINKER_FLAGS_RELEASE
CMAKE_EXE_LINKER_FLAGS_RELEASE-ADVANCED:INTERNAL=1
//ADVANCED property for variable: CMAKE_EXE_LINKER_FLAGS_RELWITHDEBINFO
CMAKE_EXE_LINKER_FLAGS_RELWITHDEBINFO-ADVANCED:INTERNAL=1
//ADVANCED property for variable: CMAKE_EXPORT_COMPILE_COMMANDS
CMAKE_EXPORT_COMPILE_COMMANDS-ADVANCED:INTERNAL=1
//Name of external makefile project generator.
CMAKE_EXTRA_GENERATOR:INTERNAL=
//Name of generator.
CMAKE_GENERATOR:INTERNAL=Unix Makefiles
//Generator instance identifier.
CMAKE_GENERATOR_INSTANCE:INTERNAL=
//Name of generator platform.
CMAKE_GENERATOR_PLATFORM:INTERNAL=
//Name of generator toolset.
CMAKE_GENERATOR_TOOLSET:INTERNAL=
//Test CMAKE_HAVE_LIBC_PTHREAD
CMAKE_HAVE_LIBC_PTHREAD:INTERNAL=1
//Source directory with the top level CMakeLists.txt file for this
// project
CMAKE_HOME_DIRECTORY:INTERNAL=/home/le/arx5-sdk
//Install .so files without execute permission.
CMAKE_INSTALL_SO_NO_EXE:INTERNAL=1
//ADVANCED property for variable: CMAKE_LINKER
CMAKE_LINKER-ADVANCED:INTERNAL=1
//Name of CMakeLists files to read
CMAKE_LIST_FILE_NAME:INTERNAL=CMakeLists.txt
//ADVANCED property for variable: CMAKE_MAKE_PROGRAM
CMAKE_MAKE_PROGRAM-ADVANCED:INTERNAL=1
//ADVANCED property for variable: CMAKE_MODULE_LINKER_FLAGS
CMAKE_MODULE_LINKER_FLAGS-ADVANCED:INTERNAL=1
//ADVANCED property for variable: CMAKE_MODULE_LINKER_FLAGS_DEBUG
CMAKE_MODULE_LINKER_FLAGS_DEBUG-ADVANCED:INTERNAL=1
//ADVANCED property for variable: CMAKE_MODULE_LINKER_FLAGS_MINSIZEREL
CMAKE_MODULE_LINKER_FLAGS_MINSIZEREL-ADVANCED:INTERNAL=1
//ADVANCED property for variable: CMAKE_MODULE_LINKER_FLAGS_RELEASE
CMAKE_MODULE_LINKER_FLAGS_RELEASE-ADVANCED:INTERNAL=1
//ADVANCED property for variable: CMAKE_MODULE_LINKER_FLAGS_RELWITHDEBINFO
CMAKE_MODULE_LINKER_FLAGS_RELWITHDEBINFO-ADVANCED:INTERNAL=1
//ADVANCED property for variable: CMAKE_NM
CMAKE_NM-ADVANCED:INTERNAL=1
//number of local generators
CMAKE_NUMBER_OF_MAKEFILES:INTERNAL=2
//ADVANCED property for variable: CMAKE_OBJCOPY
CMAKE_OBJCOPY-ADVANCED:INTERNAL=1
//ADVANCED property for variable: CMAKE_OBJDUMP
CMAKE_OBJDUMP-ADVANCED:INTERNAL=1
//Platform information initialized
CMAKE_PLATFORM_INFO_INITIALIZED:INTERNAL=1
//ADVANCED property for variable: CMAKE_RANLIB
CMAKE_RANLIB-ADVANCED:INTERNAL=1
//ADVANCED property for variable: CMAKE_READELF
CMAKE_READELF-ADVANCED:INTERNAL=1
//Path to CMake installation.
CMAKE_ROOT:INTERNAL=/home/le/anaconda3/envs/arx-py310/share/cmake-4.2
//ADVANCED property for variable: CMAKE_SHARED_LINKER_FLAGS
CMAKE_SHARED_LINKER_FLAGS-ADVANCED:INTERNAL=1
//ADVANCED property for variable: CMAKE_SHARED_LINKER_FLAGS_DEBUG
CMAKE_SHARED_LINKER_FLAGS_DEBUG-ADVANCED:INTERNAL=1
//ADVANCED property for variable: CMAKE_SHARED_LINKER_FLAGS_MINSIZEREL
CMAKE_SHARED_LINKER_FLAGS_MINSIZEREL-ADVANCED:INTERNAL=1
//ADVANCED property for variable: CMAKE_SHARED_LINKER_FLAGS_RELEASE
CMAKE_SHARED_LINKER_FLAGS_RELEASE-ADVANCED:INTERNAL=1
//ADVANCED property for variable: CMAKE_SHARED_LINKER_FLAGS_RELWITHDEBINFO
CMAKE_SHARED_LINKER_FLAGS_RELWITHDEBINFO-ADVANCED:INTERNAL=1
//ADVANCED property for variable: CMAKE_SKIP_INSTALL_RPATH
CMAKE_SKIP_INSTALL_RPATH-ADVANCED:INTERNAL=1
//ADVANCED property for variable: CMAKE_SKIP_RPATH
CMAKE_SKIP_RPATH-ADVANCED:INTERNAL=1
//ADVANCED property for variable: CMAKE_STATIC_LINKER_FLAGS
CMAKE_STATIC_LINKER_FLAGS-ADVANCED:INTERNAL=1
//ADVANCED property for variable: CMAKE_STATIC_LINKER_FLAGS_DEBUG
CMAKE_STATIC_LINKER_FLAGS_DEBUG-ADVANCED:INTERNAL=1
//ADVANCED property for variable: CMAKE_STATIC_LINKER_FLAGS_MINSIZEREL
CMAKE_STATIC_LINKER_FLAGS_MINSIZEREL-ADVANCED:INTERNAL=1
//ADVANCED property for variable: CMAKE_STATIC_LINKER_FLAGS_RELEASE
CMAKE_STATIC_LINKER_FLAGS_RELEASE-ADVANCED:INTERNAL=1
//ADVANCED property for variable: CMAKE_STATIC_LINKER_FLAGS_RELWITHDEBINFO
CMAKE_STATIC_LINKER_FLAGS_RELWITHDEBINFO-ADVANCED:INTERNAL=1
//ADVANCED property for variable: CMAKE_STRIP
CMAKE_STRIP-ADVANCED:INTERNAL=1
//ADVANCED property for variable: CMAKE_TAPI
CMAKE_TAPI-ADVANCED:INTERNAL=1
//uname command
CMAKE_UNAME:INTERNAL=/usr/bin/uname
//ADVANCED property for variable: CMAKE_VERBOSE_MAKEFILE
CMAKE_VERBOSE_MAKEFILE-ADVANCED:INTERNAL=1
//Details about finding Boost
FIND_PACKAGE_MESSAGE_DETAILS_Boost:INTERNAL=[/home/le/anaconda3/envs/arx-py310/lib/cmake/Boost-1.85.0/BoostConfig.cmake][found components: container ][v1.85.0()]
//Details about finding Eigen3
FIND_PACKAGE_MESSAGE_DETAILS_Eigen3:INTERNAL=[1][v3.4.0()]
//Details about finding Python3
FIND_PACKAGE_MESSAGE_DETAILS_Python3:INTERNAL=[/home/le/anaconda3/envs/arx-py310/bin/python3.10][/home/le/anaconda3/envs/arx-py310/include/python3.10][/home/le/anaconda3/envs/arx-py310/lib/libpython3.10.so][found components: Interpreter Development Development.Module Development.Embed ][v3.10.19()]
//Details about finding Threads
FIND_PACKAGE_MESSAGE_DETAILS_Threads:INTERNAL=[TRUE][v()]
//Test HAS_FLTO_AUTO
HAS_FLTO_AUTO:INTERNAL=1
//Python executable during the last CMake run
PYBIND11_PYTHON_EXECUTABLE_LAST:INTERNAL=/home/le/anaconda3/envs/arx-py310/bin/python3.10
//Python debug status
PYTHON_IS_DEBUG:INTERNAL=0
PYTHON_MODULE_DEBUG_POSTFIX:INTERNAL=
PYTHON_MODULE_EXTENSION:INTERNAL=.cpython-310-x86_64-linux-gnu.so
_PYBIND11_CROSSCOMPILING:INTERNAL=OFF
_Python:INTERNAL=Python3
//Compiler reason failure
_Python3_Compiler_REASON_FAILURE:INTERNAL=
_Python3_DEVELOPMENT_EMBED_SIGNATURE:INTERNAL=b21392b365418137162ec7c32b520257
_Python3_DEVELOPMENT_MODULE_SIGNATURE:INTERNAL=5a920e707b6fe63c3cf86da0e3c08a66
//Development reason failure
_Python3_Development_REASON_FAILURE:INTERNAL=
_Python3_EXECUTABLE:INTERNAL=/home/le/anaconda3/envs/arx-py310/bin/python3.10
//Path to a file.
_Python3_INCLUDE_DIR:INTERNAL=/home/le/anaconda3/envs/arx-py310/include/python3.10
//Python3 Properties
_Python3_INTERPRETER_PROPERTIES:INTERNAL=Python;3;10;19;64;<none>;cpython-310-x86_64-linux-gnu;abi3;/home/le/anaconda3/envs/arx-py310/lib/python3.10;/home/le/anaconda3/envs/arx-py310/lib/python3.10;/home/le/anaconda3/envs/arx-py310/lib/python3.10/site-packages;/home/le/anaconda3/envs/arx-py310/lib/python3.10/site-packages
_Python3_INTERPRETER_SIGNATURE:INTERNAL=e67b282beec52522f6cac695eed6cde3
//Path to a library.
_Python3_LIBRARY_RELEASE:INTERNAL=/home/le/anaconda3/envs/arx-py310/lib/libpython3.10.so
//NumPy reason failure
_Python3_NumPy_REASON_FAILURE:INTERNAL=
//ADVANCED property for variable: boost_container_DIR
boost_container_DIR-ADVANCED:INTERNAL=1
//ADVANCED property for variable: boost_headers_DIR
boost_headers_DIR-ADVANCED:INTERNAL=1
//Include directory for pybind11 (Python not requested)
pybind11_INCLUDE_DIRS:INTERNAL=/home/le/anaconda3/envs/arx-py310/include

